Flutter crash report.
Please report a bug at https://github.com/flutter/flutter/issues.

## command

flutter run

## exception

ExistingDartDevelopmentServiceException: DartDevelopmentServiceException: JSON-RPC error 100: Existing VM service clients prevent DDS from taking control.

```
```

## flutter doctor

```
[32m[✓][39m Flutter (Channel stable, 3.35.1, on Ubuntu 24.04.3 LTS 6.14.0-28-generic, locale en_US.UTF-8) [87ms]
    [32m•[39m Flutter version 3.35.1 on channel stable at /home/gokul/festival/flutter
    [32m•[39m Upstream repository https://github.com/flutter/flutter.git
    [32m•[39m Framework revision 20f8274939 (11 days ago), 2025-08-14 10:53:09 -0700
    [32m•[39m Engine revision 1e9a811bf8
    [32m•[39m Dart version 3.9.0
    [32m•[39m DevTools version 2.48.0
    [32m•[39m Feature flags: enable-web, enable-linux-desktop, enable-macos-desktop, enable-windows-desktop,
      enable-android, enable-ios, cli-animations, enable-lldb-debugging

[32m[✓][39m Android toolchain - develop for Android devices (Android SDK version 36.1.0-rc1) [2.6s]
    [32m•[39m Android SDK at /home/gokul/Android/Sdk
    [32m•[39m Emulator version 36.1.9.0 (build_id 13823996) (CL:N/A)
    [32m•[39m Platform android-36, build-tools 36.1.0-rc1
    [32m•[39m Java binary at: /snap/android-studio/197/jbr/bin/java
      This is the JDK bundled with the latest Android Studio installation on this machine.
      To manually set the JDK path, use: `flutter config --jdk-dir="path/to/jdk"`.
    [32m•[39m Java version OpenJDK Runtime Environment (build 21.0.6+-13391695-b895.109)
    [32m•[39m All Android licenses accepted.

[32m[✓][39m Chrome - develop for the web [10ms]
    [32m•[39m Chrome at google-chrome

[31m[✗][39m Linux toolchain - develop for Linux desktop [17ms]
    [31m✗[39m clang++ is required for Linux development.
      It is likely available from your distribution (e.g.: apt install clang), or can be downloaded from
      https://releases.llvm.org/
    [31m✗[39m CMake is required for Linux development.
      It is likely available from your distribution (e.g.: apt install cmake), or can be downloaded from
      https://cmake.org/download/
    [31m✗[39m ninja is required for Linux development.
      It is likely available from your distribution (e.g.: apt install ninja-build), or can be
      downloaded from https://github.com/ninja-build/ninja/releases
    [31m✗[39m pkg-config is required for Linux development.
      It is likely available from your distribution (e.g.: apt install pkg-config), or can be downloaded
      from https://www.freedesktop.org/wiki/Software/pkg-config/

[32m[✓][39m Android Studio (version 2025.1.1) [7ms]
    [32m•[39m Android Studio at /snap/android-studio/197
    [32m•[39m Flutter plugin can be installed from:
      🔨 https://plugins.jetbrains.com/plugin/9212-flutter
    [32m•[39m Dart plugin can be installed from:
      🔨 https://plugins.jetbrains.com/plugin/6351-dart
    [32m•[39m Java version OpenJDK Runtime Environment (build 21.0.6+-13391695-b895.109)

[32m[✓][39m VS Code (version 1.103.2) [4ms]
    [32m•[39m VS Code at /usr/share/code
    [32m•[39m Flutter extension version 3.116.0

[32m[✓][39m Connected device (2 available) [67ms]
    [32m•[39m Linux (desktop) • linux  • linux-x64      • Ubuntu 24.04.3 LTS 6.14.0-28-generic
    [32m•[39m Chrome (web)    • chrome • web-javascript • Google Chrome 139.0.7258.138

[32m[✓][39m Network resources [443ms]
    [32m•[39m All expected network resources are available.

[33m![39m Doctor found issues in 1 category.
```
